Arguments: 
  /usr/bin/node /usr/share/yarn/bin/yarn.js add create-reach-app

PATH: 
  /root/.rbenv/shims:/root/.rbenv/bin:/root/.rbenv/shims:/root/.rbenv/bin:/usr/local/sbin:/usr/local/bin:/usr/sbin:/usr/bin:/sbin:/bin

Yarn version: 
  1.22.5

Node version: 
  14.15.4

Platform: 
  linux x64

Trace: 
  Error: https://registry.yarnpkg.com/create-reach-app: Not found
      at Request.params.callback [as _callback] (/usr/share/yarn/lib/cli.js:66988:18)
      at Request.self.callback (/usr/share/yarn/lib/cli.js:140749:22)
      at Request.emit (events.js:315:20)
      at Request.<anonymous> (/usr/share/yarn/lib/cli.js:141721:10)
      at Request.emit (events.js:315:20)
      at IncomingMessage.<anonymous> (/usr/share/yarn/lib/cli.js:141643:12)
      at Object.onceWrapper (events.js:421:28)
      at IncomingMessage.emit (events.js:327:22)
      at endReadableNT (internal/streams/readable.js:1327:12)
      at processTicksAndRejections (internal/process/task_queues.js:80:21)

npm manifest: 
  {
    "name": "myweb",
    "version": "1.0.0",
    "description": "myweb with node js",
    "main": "server.js",
    "scripts": {
      "test": "echo \"Error: no test specified\" && exit 1",
      "hello": "echo \"Hello World\"",
      "server": "node index.js",
      "babel-version": "babel --version"
    },
    "keywords": [
      "npm"
    ],
    "author": "pujiermanto",
    "license": "ISC",
    "dependencies": {
      "babel-cli": "^6.26.0",
      "events": "^3.2.0",
      "exports": "0.0.1",
      "express": "^4.17.1",
      "fs": "0.0.1-security",
      "import": "0.0.6",
      "moment": "^2.27.0",
      "readline-sync": "^1.4.10",
      "shell_exec": "^1.0.3",
      "vue": "^2.6.12"
    },
    "devDependencies": {
      "@babel/cli": "^7.11.6",
      "@babel/core": "^7.11.6",
      "babel": "^6.23.0",
      "babel-core": "^6.26.3",
      "babel-loader": "^8.1.0",
      "esm": "^3.2.25",
      "mjs": "^1.0.0"
    }
  }

yarn manifest: 
  No manifest

Lockfile: 
  No lockfile
